<?xml version="1.0" encoding="UTF-8"?>
<!-- Generated by org.testng.reporters.JUnitReportReporter -->
<testsuite hostname="JIS-NB" failures="0" tests="3" name="selenium.tests.SeleniumPage2Test" time="24.459" errors="0" timestamp="2020-04-21T00:52:50 MSK" skipped="0">
  <testcase classname="selenium.tests.SeleniumPage2Test" name="a_homepage_Title_Check_Test" time="7.440"/>
  <testcase classname="selenium.tests.SeleniumPage2Test" name="b_results_Displayed_With_Valid_Keyword" time="8.712"/>
  <testcase classname="selenium.tests.SeleniumPage2Test" name="c_required_Text_Displayed_With_Invalid_Keyword" time="8.307"/>
</testsuite> <!-- selenium.tests.SeleniumPage2Test -->
