<?xml version="1.0" encoding="UTF-8"?>
<!-- Generated by org.testng.reporters.JUnitReportReporter -->
<testsuite hostname="JIS-NB" failures="0" tests="2" name="selenium.tests.SeleniumPage1Test" time="17.377" errors="0" timestamp="2020-04-21T00:52:50 MSK" skipped="0">
  <testcase classname="selenium.tests.SeleniumPage1Test" name="c_required_Text_Displayed_With_Invalid_Keyword" time="9.765"/>
  <testcase classname="selenium.tests.SeleniumPage1Test" name="a_homepage_Title_Check_Test" time="7.612"/>
</testsuite> <!-- selenium.tests.SeleniumPage1Test -->
