<?xml version="1.0" encoding="UTF-8"?>
<!-- Generated by org.testng.reporters.JUnitReportReporter -->
<testsuite hostname="JIS-NB" failures="0" tests="2" name="moex.tests.SeleniumPage1Test" time="20.127" errors="0" timestamp="2020-04-21T00:16:23 MSK" skipped="0">
  <testcase classname="moex.tests.SeleniumPage1Test" name="c_required_Text_Displayed_With_Invalid_Keyword" time="9.275"/>
  <testcase classname="moex.tests.SeleniumPage1Test" name="a_homepage_Title_Check_Test" time="10.852"/>
</testsuite> <!-- moex.tests.SeleniumPage1Test -->
