<?xml version="1.0" encoding="UTF-8"?>
<!-- Generated by org.testng.reporters.JUnitReportReporter -->
<testsuite hostname="JIS-NB" failures="0" tests="3" name="moex.tests.SeleniumPage2Test" time="26.449" errors="0" timestamp="2020-04-21T00:16:23 MSK" skipped="0">
  <testcase classname="moex.tests.SeleniumPage2Test" name="c_required_Text_Displayed_With_Invalid_Keyword" time="8.702"/>
  <testcase classname="moex.tests.SeleniumPage2Test" name="a_homepage_Title_Check_Test" time="7.734"/>
  <testcase classname="moex.tests.SeleniumPage2Test" name="b_results_Displayed_With_Valid_Keyword" time="10.013"/>
</testsuite> <!-- moex.tests.SeleniumPage2Test -->
